mode: set
github.com/Svimba/nexthop-checker/nexthop-checker.go:24.77,29.2 3 1
github.com/Svimba/nexthop-checker/nexthop-checker.go:79.47,83.16 3 1
github.com/Svimba/nexthop-checker/nexthop-checker.go:88.2,90.16 3 1
github.com/Svimba/nexthop-checker/nexthop-checker.go:94.2,98.27 5 1
github.com/Svimba/nexthop-checker/nexthop-checker.go:101.2,101.61 1 1
github.com/Svimba/nexthop-checker/nexthop-checker.go:125.2,125.16 1 1
github.com/Svimba/nexthop-checker/nexthop-checker.go:83.16,86.3 2 1
github.com/Svimba/nexthop-checker/nexthop-checker.go:90.16,92.3 1 0
github.com/Svimba/nexthop-checker/nexthop-checker.go:98.27,100.3 1 0
github.com/Svimba/nexthop-checker/nexthop-checker.go:101.61,104.17 2 1
github.com/Svimba/nexthop-checker/nexthop-checker.go:121.3,121.17 1 1
github.com/Svimba/nexthop-checker/nexthop-checker.go:104.17,105.17 1 1
github.com/Svimba/nexthop-checker/nexthop-checker.go:105.17,109.18 4 0
github.com/Svimba/nexthop-checker/nexthop-checker.go:109.18,112.6 2 0
github.com/Svimba/nexthop-checker/nexthop-checker.go:114.9,117.17 3 0
github.com/Svimba/nexthop-checker/nexthop-checker.go:117.17,119.5 1 0
github.com/Svimba/nexthop-checker/nexthop-checker.go:121.17,123.4 1 0
github.com/Svimba/nexthop-checker/nexthop-checker.go:125.16,127.3 1 0
github.com/Svimba/nexthop-checker/nexthop-checker.go:167.69,169.33 1 1
github.com/Svimba/nexthop-checker/nexthop-checker.go:174.2,174.12 1 0
github.com/Svimba/nexthop-checker/nexthop-checker.go:169.33,170.19 1 1
github.com/Svimba/nexthop-checker/nexthop-checker.go:170.19,172.4 1 1
github.com/Svimba/nexthop-checker/nexthop-checker.go:177.51,179.16 2 1
github.com/Svimba/nexthop-checker/nexthop-checker.go:183.2,186.16 3 1
github.com/Svimba/nexthop-checker/nexthop-checker.go:189.2,191.16 3 1
github.com/Svimba/nexthop-checker/nexthop-checker.go:194.2,194.39 1 1
github.com/Svimba/nexthop-checker/nexthop-checker.go:179.16,182.3 1 0
github.com/Svimba/nexthop-checker/nexthop-checker.go:186.16,188.3 1 0
github.com/Svimba/nexthop-checker/nexthop-checker.go:191.16,193.3 1 0
github.com/Svimba/nexthop-checker/nexthop-checker.go:194.39,195.51 1 1
github.com/Svimba/nexthop-checker/nexthop-checker.go:195.51,197.17 2 1
github.com/Svimba/nexthop-checker/nexthop-checker.go:197.17,200.5 2 0
github.com/Svimba/nexthop-checker/nexthop-checker.go:206.14,216.2 9 1
github.com/Svimba/nexthop-checker/nexthop-checker.go:218.13,226.22 7 0
github.com/Svimba/nexthop-checker/nexthop-checker.go:227.2,233.20 6 0
github.com/Svimba/nexthop-checker/nexthop-checker.go:226.22,226.33 1 0
